Terminals unused in grammar

   REALCONST


State 99 conflicts: 1 shift/reduce


Grammar

    0 $accept: program $end

    1 program: stmts stmt
    2        | %empty

    3 stmts: stmts stmt
    4      | %empty

    5 stmt: expr SEMICOLON
    6     | ifstmt
    7     | whilestmt
    8     | forstmt
    9     | returnstmt
   10     | BREAK SEMICOLON
   11     | CONTINUE SEMICOLON
   12     | block
   13     | funcdef
   14     | SEMICOLON

   15 expr: assignexpr
   16     | expr PLUS expr
   17     | expr MINUS expr
   18     | expr MULTIPLIES expr
   19     | expr DIVIDES expr
   20     | expr MODULUS expr
   21     | expr GREATER expr
   22     | expr GREATER_EQUAL expr
   23     | expr LESS expr
   24     | expr LESS_EQUAL expr
   25     | expr EQUAL expr
   26     | expr INEQUAL expr
   27     | expr AND expr
   28     | expr OR expr
   29     | term

   30 term: LEFT_PARENTHESIS expr RIGHT_PARENTHESIS
   31     | MINUS expr
   32     | NOT expr
   33     | INCREMENT lvalue
   34     | lvalue INCREMENT
   35     | DECREMENT lvalue
   36     | lvalue DECREMENT
   37     | primary

   38 assignexpr: lvalue ASSIGN expr

   39 primary: lvalue
   40        | call
   41        | objectdef
   42        | LEFT_PARENTHESIS funcdef RIGHT_PARENTHESIS
   43        | const

   44 lvalue: ID
   45       | LOCAL ID
   46       | DOUBLE_COLON ID
   47       | member

   48 member: lvalue DOT ID
   49       | lvalue LEFT_BRACKETS expr RIGHT_BRACKETS
   50       | call DOT ID
   51       | call LEFT_BRACKETS expr RIGHT_BRACKETS

   52 call: call LEFT_PARENTHESIS elist RIGHT_PARENTHESIS
   53     | lvalue callsuffix
   54     | LEFT_PARENTHESIS funcdef RIGHT_PARENTHESIS LEFT_PARENTHESIS elist RIGHT_PARENTHESIS

   55 callsuffix: normcall
   56           | methodcall

   57 normcall: LEFT_PARENTHESIS elist RIGHT_PARENTHESIS

   58 methodcall: DOUBLE_DOT ID LEFT_PARENTHESIS elist RIGHT_PARENTHESIS

   59 elist: expr elists
   60      | %empty

   61 elists: COMMA expr elists
   62       | %empty

   63 objectdef: LEFT_BRACKETS elist RIGHT_BRACKETS
   64          | LEFT_BRACKETS indexed RIGHT_BRACKETS

   65 indexed: indexedelem indexeds

   66 indexeds: COMMA indexed
   67         | %empty

   68 indexedelem: LEFT_BRACES expr COLON expr RIGHT_BRACES

   69 $@1: %empty

   70 block: LEFT_BRACES $@1 stmts RIGHT_BRACES

   71 funcdef: funcprefix funcargs funcbody

   72 $@2: %empty

   73 funcargs: LEFT_PARENTHESIS $@2 idlist RIGHT_PARENTHESIS

   74 funcbody: funcblock

   75 funcprefix: FUNCTION funcname

   76 funcname: ID
   77         | %empty

   78 $@3: %empty

   79 funcblock: LEFT_BRACES $@3 stmts RIGHT_BRACES

   80 const: INTCONST
   81      | STRING
   82      | NIL
   83      | TRUE
   84      | FALSE

   85 $@4: %empty

   86 idlist: ID $@4 ids
   87       | %empty

   88 $@5: %empty

   89 ids: COMMA ID $@5 ids
   90    | %empty

   91 ifstmt: ifprefix stmt
   92       | ifprefix stmt ELSE stmt

   93 ifprefix: IF LEFT_PARENTHESIS expr RIGHT_PARENTHESIS

   94 whilestmt: WHILE LEFT_PARENTHESIS expr RIGHT_PARENTHESIS stmt

   95 forstmt: FOR LEFT_PARENTHESIS elist SEMICOLON expr SEMICOLON elist RIGHT_PARENTHESIS stmt

   96 returnstmt: RETURN expr SEMICOLON
   97           | RETURN SEMICOLON


Terminals, with rules where they appear

$end (0) 0
error (256)
ID (258) 44 45 46 48 50 58 76 86 89
INTCONST (259) 80
REALCONST (260)
STRING (261) 81
IF (262) 93
ELSE (263) 92
WHILE (264) 94
FOR (265) 95
FUNCTION (266) 75
RETURN (267) 96 97
BREAK (268) 10
CONTINUE (269) 11
AND (270) 27
NOT (271) 32
OR (272) 28
LOCAL (273) 45
TRUE (274) 83
FALSE (275) 84
NIL (276) 82
ASSIGN (277) 38
PLUS (278) 16
MINUS (279) 17 31
MULTIPLIES (280) 18
DIVIDES (281) 19
MODULUS (282) 20
EQUAL (283) 25
INEQUAL (284) 26
INCREMENT (285) 33 34
DECREMENT (286) 35 36
GREATER (287) 21
LESS (288) 23
GREATER_EQUAL (289) 22
LESS_EQUAL (290) 24
LEFT_BRACES (291) 68 70 79
RIGHT_BRACES (292) 68 70 79
LEFT_BRACKETS (293) 49 51 63 64
RIGHT_BRACKETS (294) 49 51 63 64
LEFT_PARENTHESIS (295) 30 42 52 54 57 58 73 93 94 95
RIGHT_PARENTHESIS (296) 30 42 52 54 57 58 73 93 94 95
SEMICOLON (297) 5 10 11 14 95 96 97
COMMA (298) 61 66 89
COLON (299) 68
DOUBLE_COLON (300) 46
DOT (301) 48 50
DOUBLE_DOT (302) 58


Nonterminals, with rules where they appear

$accept (48)
    on left: 0
program (49)
    on left: 1 2, on right: 0
stmts (50)
    on left: 3 4, on right: 1 3 70 79
stmt (51)
    on left: 5 6 7 8 9 10 11 12 13 14, on right: 1 3 91 92 94 95
expr (52)
    on left: 15 16 17 18 19 20 21 22 23 24 25 26 27 28 29, on right:
    5 16 17 18 19 20 21 22 23 24 25 26 27 28 30 31 32 38 49 51 59 61
    68 93 94 95 96
term (53)
    on left: 30 31 32 33 34 35 36 37, on right: 29
assignexpr (54)
    on left: 38, on right: 15
primary (55)
    on left: 39 40 41 42 43, on right: 37
lvalue (56)
    on left: 44 45 46 47, on right: 33 34 35 36 38 39 48 49 53
member (57)
    on left: 48 49 50 51, on right: 47
call (58)
    on left: 52 53 54, on right: 40 50 51 52
callsuffix (59)
    on left: 55 56, on right: 53
normcall (60)
    on left: 57, on right: 55
methodcall (61)
    on left: 58, on right: 56
elist (62)
    on left: 59 60, on right: 52 54 57 58 63 95
elists (63)
    on left: 61 62, on right: 59 61
objectdef (64)
    on left: 63 64, on right: 41
indexed (65)
    on left: 65, on right: 64 66
indexeds (66)
    on left: 66 67, on right: 65
indexedelem (67)
    on left: 68, on right: 65
block (68)
    on left: 70, on right: 12
$@1 (69)
    on left: 69, on right: 70
funcdef (70)
    on left: 71, on right: 13 42 54
funcargs (71)
    on left: 73, on right: 71
$@2 (72)
    on left: 72, on right: 73
funcbody (73)
    on left: 74, on right: 71
funcprefix (74)
    on left: 75, on right: 71
funcname (75)
    on left: 76 77, on right: 75
funcblock (76)
    on left: 79, on right: 74
$@3 (77)
    on left: 78, on right: 79
const (78)
    on left: 80 81 82 83 84, on right: 43
idlist (79)
    on left: 86 87, on right: 73
$@4 (80)
    on left: 85, on right: 86
ids (81)
    on left: 89 90, on right: 86 89
$@5 (82)
    on left: 88, on right: 89
ifstmt (83)
    on left: 91 92, on right: 6
ifprefix (84)
    on left: 93, on right: 91 92
whilestmt (85)
    on left: 94, on right: 7
forstmt (86)
    on left: 95, on right: 8
returnstmt (87)
    on left: 96 97, on right: 9


State 0

    0 $accept: . program $end

    $end      reduce using rule 2 (program)
    $default  reduce using rule 4 (stmts)

    program  go to state 1
    stmts    go to state 2


State 1

    0 $accept: program . $end

    $end  shift, and go to state 3


State 2

    1 program: stmts . stmt
    3 stmts: stmts . stmt

    ID                shift, and go to state 4
    INTCONST          shift, and go to state 5
    STRING            shift, and go to state 6
    IF                shift, and go to state 7
    WHILE             shift, and go to state 8
    FOR               shift, and go to state 9
    FUNCTION          shift, and go to state 10
    RETURN            shift, and go to state 11
    BREAK             shift, and go to state 12
    CONTINUE          shift, and go to state 13
    NOT               shift, and go to state 14
    LOCAL             shift, and go to state 15
    TRUE              shift, and go to state 16
    FALSE             shift, and go to state 17
    NIL               shift, and go to state 18
    MINUS             shift, and go to state 19
    INCREMENT         shift, and go to state 20
    DECREMENT         shift, and go to state 21
    LEFT_BRACES       shift, and go to state 22
    LEFT_BRACKETS     shift, and go to state 23
    LEFT_PARENTHESIS  shift, and go to state 24
    SEMICOLON         shift, and go to state 25
    DOUBLE_COLON      shift, and go to state 26

    stmt        go to state 27
    expr        go to state 28
    term        go to state 29
    assignexpr  go to state 30
    primary     go to state 31
    lvalue      go to state 32
    member      go to state 33
    call        go to state 34
    objectdef   go to state 35
    block       go to state 36
    funcdef     go to state 37
    funcprefix  go to state 38
    const       go to state 39
    ifstmt      go to state 40
    ifprefix    go to state 41
    whilestmt   go to state 42
    forstmt     go to state 43
    returnstmt  go to state 44


State 3

    0 $accept: program $end .

    $default  accept


State 4

   44 lvalue: ID .

    $default  reduce using rule 44 (lvalue)


State 5

   80 const: INTCONST .

    $default  reduce using rule 80 (const)


State 6

   81 const: STRING .

    $default  reduce using rule 81 (const)


State 7

   93 ifprefix: IF . LEFT_PARENTHESIS expr RIGHT_PARENTHESIS

    LEFT_PARENTHESIS  shift, and go to state 45


State 8

   94 whilestmt: WHILE . LEFT_PARENTHESIS expr RIGHT_PARENTHESIS stmt

    LEFT_PARENTHESIS  shift, and go to state 46


State 9

   95 forstmt: FOR . LEFT_PARENTHESIS elist SEMICOLON expr SEMICOLON elist RIGHT_PARENTHESIS stmt

    LEFT_PARENTHESIS  shift, and go to state 47


State 10

   75 funcprefix: FUNCTION . funcname

    ID  shift, and go to state 48

    $default  reduce using rule 77 (funcname)

    funcname  go to state 49


State 11

   96 returnstmt: RETURN . expr SEMICOLON
   97           | RETURN . SEMICOLON

    ID                shift, and go to state 4
    INTCONST          shift, and go to state 5
    STRING            shift, and go to state 6
    NOT               shift, and go to state 14
    LOCAL             shift, and go to state 15
    TRUE              shift, and go to state 16
    FALSE             shift, and go to state 17
    NIL               shift, and go to state 18
    MINUS             shift, and go to state 19
    INCREMENT         shift, and go to state 20
    DECREMENT         shift, and go to state 21
    LEFT_BRACKETS     shift, and go to state 23
    LEFT_PARENTHESIS  shift, and go to state 24
    SEMICOLON         shift, and go to state 50
    DOUBLE_COLON      shift, and go to state 26

    expr        go to state 51
    term        go to state 29
    assignexpr  go to state 30
    primary     go to state 31
    lvalue      go to state 32
    member      go to state 33
    call        go to state 34
    objectdef   go to state 35
    const       go to state 39


State 12

   10 stmt: BREAK . SEMICOLON

    SEMICOLON  shift, and go to state 52


State 13

   11 stmt: CONTINUE . SEMICOLON

    SEMICOLON  shift, and go to state 53


State 14

   32 term: NOT . expr

    ID                shift, and go to state 4
    INTCONST          shift, and go to state 5
    STRING            shift, and go to state 6
    NOT               shift, and go to state 14
    LOCAL             shift, and go to state 15
    TRUE              shift, and go to state 16
    FALSE             shift, and go to state 17
    NIL               shift, and go to state 18
    MINUS             shift, and go to state 19
    INCREMENT         shift, and go to state 20
    DECREMENT         shift, and go to state 21
    LEFT_BRACKETS     shift, and go to state 23
    LEFT_PARENTHESIS  shift, and go to state 24
    DOUBLE_COLON      shift, and go to state 26

    expr        go to state 54
    term        go to state 29
    assignexpr  go to state 30
    primary     go to state 31
    lvalue      go to state 32
    member      go to state 33
    call        go to state 34
    objectdef   go to state 35
    const       go to state 39


State 15

   45 lvalue: LOCAL . ID

    ID  shift, and go to state 55


State 16

   83 const: TRUE .

    $default  reduce using rule 83 (const)


State 17

   84 const: FALSE .

    $default  reduce using rule 84 (const)


State 18

   82 const: NIL .

    $default  reduce using rule 82 (const)


State 19

   31 term: MINUS . expr

    ID                shift, and go to state 4
    INTCONST          shift, and go to state 5
    STRING            shift, and go to state 6
    NOT               shift, and go to state 14
    LOCAL             shift, and go to state 15
    TRUE              shift, and go to state 16
    FALSE             shift, and go to state 17
    NIL               shift, and go to state 18
    MINUS             shift, and go to state 19
    INCREMENT         shift, and go to state 20
    DECREMENT         shift, and go to state 21
    LEFT_BRACKETS     shift, and go to state 23
    LEFT_PARENTHESIS  shift, and go to state 24
    DOUBLE_COLON      shift, and go to state 26

    expr        go to state 56
    term        go to state 29
    assignexpr  go to state 30
    primary     go to state 31
    lvalue      go to state 32
    member      go to state 33
    call        go to state 34
    objectdef   go to state 35
    const       go to state 39


State 20

   33 term: INCREMENT . lvalue

    ID                shift, and go to state 4
    LOCAL             shift, and go to state 15
    LEFT_PARENTHESIS  shift, and go to state 57
    DOUBLE_COLON      shift, and go to state 26

    lvalue  go to state 58
    member  go to state 33
    call    go to state 59


State 21

   35 term: DECREMENT . lvalue

    ID                shift, and go to state 4
    LOCAL             shift, and go to state 15
    LEFT_PARENTHESIS  shift, and go to state 57
    DOUBLE_COLON      shift, and go to state 26

    lvalue  go to state 60
    member  go to state 33
    call    go to state 59


State 22

   70 block: LEFT_BRACES . $@1 stmts RIGHT_BRACES

    $default  reduce using rule 69 ($@1)

    $@1  go to state 61


State 23

   63 objectdef: LEFT_BRACKETS . elist RIGHT_BRACKETS
   64          | LEFT_BRACKETS . indexed RIGHT_BRACKETS

    ID                shift, and go to state 4
    INTCONST          shift, and go to state 5
    STRING            shift, and go to state 6
    NOT               shift, and go to state 14
    LOCAL             shift, and go to state 15
    TRUE              shift, and go to state 16
    FALSE             shift, and go to state 17
    NIL               shift, and go to state 18
    MINUS             shift, and go to state 19
    INCREMENT         shift, and go to state 20
    DECREMENT         shift, and go to state 21
    LEFT_BRACES       shift, and go to state 62
    LEFT_BRACKETS     shift, and go to state 23
    LEFT_PARENTHESIS  shift, and go to state 24
    DOUBLE_COLON      shift, and go to state 26

    $default  reduce using rule 60 (elist)

    expr         go to state 63
    term         go to state 29
    assignexpr   go to state 30
    primary      go to state 31
    lvalue       go to state 32
    member       go to state 33
    call         go to state 34
    elist        go to state 64
    objectdef    go to state 35
    indexed      go to state 65
    indexedelem  go to state 66
    const        go to state 39


State 24

   30 term: LEFT_PARENTHESIS . expr RIGHT_PARENTHESIS
   42 primary: LEFT_PARENTHESIS . funcdef RIGHT_PARENTHESIS
   54 call: LEFT_PARENTHESIS . funcdef RIGHT_PARENTHESIS LEFT_PARENTHESIS elist RIGHT_PARENTHESIS

    ID                shift, and go to state 4
    INTCONST          shift, and go to state 5
    STRING            shift, and go to state 6
    FUNCTION          shift, and go to state 10
    NOT               shift, and go to state 14
    LOCAL             shift, and go to state 15
    TRUE              shift, and go to state 16
    FALSE             shift, and go to state 17
    NIL               shift, and go to state 18
    MINUS             shift, and go to state 19
    INCREMENT         shift, and go to state 20
    DECREMENT         shift, and go to state 21
    LEFT_BRACKETS     shift, and go to state 23
    LEFT_PARENTHESIS  shift, and go to state 24
    DOUBLE_COLON      shift, and go to state 26

    expr        go to state 67
    term        go to state 29
    assignexpr  go to state 30
    primary     go to state 31
    lvalue      go to state 32
    member      go to state 33
    call        go to state 34
    objectdef   go to state 35
    funcdef     go to state 68
    funcprefix  go to state 38
    const       go to state 39


State 25

   14 stmt: SEMICOLON .

    $default  reduce using rule 14 (stmt)


State 26

   46 lvalue: DOUBLE_COLON . ID

    ID  shift, and go to state 69


State 27

    1 program: stmts stmt .
    3 stmts: stmts stmt .

    $end      reduce using rule 1 (program)
    $default  reduce using rule 3 (stmts)


State 28

    5 stmt: expr . SEMICOLON
   16 expr: expr . PLUS expr
   17     | expr . MINUS expr
   18     | expr . MULTIPLIES expr
   19     | expr . DIVIDES expr
   20     | expr . MODULUS expr
   21     | expr . GREATER expr
   22     | expr . GREATER_EQUAL expr
   23     | expr . LESS expr
   24     | expr . LESS_EQUAL expr
   25     | expr . EQUAL expr
   26     | expr . INEQUAL expr
   27     | expr . AND expr
   28     | expr . OR expr

    AND            shift, and go to state 70
    OR             shift, and go to state 71
    PLUS           shift, and go to state 72
    MINUS          shift, and go to state 73
    MULTIPLIES     shift, and go to state 74
    DIVIDES        shift, and go to state 75
    MODULUS        shift, and go to state 76
    EQUAL          shift, and go to state 77
    INEQUAL        shift, and go to state 78
    GREATER        shift, and go to state 79
    LESS           shift, and go to state 80
    GREATER_EQUAL  shift, and go to state 81
    LESS_EQUAL     shift, and go to state 82
    SEMICOLON      shift, and go to state 83


State 29

   29 expr: term .

    $default  reduce using rule 29 (expr)


State 30

   15 expr: assignexpr .

    $default  reduce using rule 15 (expr)


State 31

   37 term: primary .

    $default  reduce using rule 37 (term)


State 32

   34 term: lvalue . INCREMENT
   36     | lvalue . DECREMENT
   38 assignexpr: lvalue . ASSIGN expr
   39 primary: lvalue .
   48 member: lvalue . DOT ID
   49       | lvalue . LEFT_BRACKETS expr RIGHT_BRACKETS
   53 call: lvalue . callsuffix

    ASSIGN            shift, and go to state 84
    INCREMENT         shift, and go to state 85
    DECREMENT         shift, and go to state 86
    LEFT_BRACKETS     shift, and go to state 87
    LEFT_PARENTHESIS  shift, and go to state 88
    DOT               shift, and go to state 89
    DOUBLE_DOT        shift, and go to state 90

    $default  reduce using rule 39 (primary)

    callsuffix  go to state 91
    normcall    go to state 92
    methodcall  go to state 93


State 33

   47 lvalue: member .

    $default  reduce using rule 47 (lvalue)


State 34

   40 primary: call .
   50 member: call . DOT ID
   51       | call . LEFT_BRACKETS expr RIGHT_BRACKETS
   52 call: call . LEFT_PARENTHESIS elist RIGHT_PARENTHESIS

    LEFT_BRACKETS     shift, and go to state 94
    LEFT_PARENTHESIS  shift, and go to state 95
    DOT               shift, and go to state 96

    $default  reduce using rule 40 (primary)


State 35

   41 primary: objectdef .

    $default  reduce using rule 41 (primary)


State 36

   12 stmt: block .

    $default  reduce using rule 12 (stmt)


State 37

   13 stmt: funcdef .

    $default  reduce using rule 13 (stmt)


State 38

   71 funcdef: funcprefix . funcargs funcbody

    LEFT_PARENTHESIS  shift, and go to state 97

    funcargs  go to state 98


State 39

   43 primary: const .

    $default  reduce using rule 43 (primary)


State 40

    6 stmt: ifstmt .

    $default  reduce using rule 6 (stmt)


State 41

   91 ifstmt: ifprefix . stmt
   92       | ifprefix . stmt ELSE stmt

    ID                shift, and go to state 4
    INTCONST          shift, and go to state 5
    STRING            shift, and go to state 6
    IF                shift, and go to state 7
    WHILE             shift, and go to state 8
    FOR               shift, and go to state 9
    FUNCTION          shift, and go to state 10
    RETURN            shift, and go to state 11
    BREAK             shift, and go to state 12
    CONTINUE          shift, and go to state 13
    NOT               shift, and go to state 14
    LOCAL             shift, and go to state 15
    TRUE              shift, and go to state 16
    FALSE             shift, and go to state 17
    NIL               shift, and go to state 18
    MINUS             shift, and go to state 19
    INCREMENT         shift, and go to state 20
    DECREMENT         shift, and go to state 21
    LEFT_BRACES       shift, and go to state 22
    LEFT_BRACKETS     shift, and go to state 23
    LEFT_PARENTHESIS  shift, and go to state 24
    SEMICOLON         shift, and go to state 25
    DOUBLE_COLON      shift, and go to state 26

    stmt        go to state 99
    expr        go to state 28
    term        go to state 29
    assignexpr  go to state 30
    primary     go to state 31
    lvalue      go to state 32
    member      go to state 33
    call        go to state 34
    objectdef   go to state 35
    block       go to state 36
    funcdef     go to state 37
    funcprefix  go to state 38
    const       go to state 39
    ifstmt      go to state 40
    ifprefix    go to state 41
    whilestmt   go to state 42
    forstmt     go to state 43
    returnstmt  go to state 44


State 42

    7 stmt: whilestmt .

    $default  reduce using rule 7 (stmt)


State 43

    8 stmt: forstmt .

    $default  reduce using rule 8 (stmt)


State 44

    9 stmt: returnstmt .

    $default  reduce using rule 9 (stmt)


State 45

   93 ifprefix: IF LEFT_PARENTHESIS . expr RIGHT_PARENTHESIS

    ID                shift, and go to state 4
    INTCONST          shift, and go to state 5
    STRING            shift, and go to state 6
    NOT               shift, and go to state 14
    LOCAL             shift, and go to state 15
    TRUE              shift, and go to state 16
    FALSE             shift, and go to state 17
    NIL               shift, and go to state 18
    MINUS             shift, and go to state 19
    INCREMENT         shift, and go to state 20
    DECREMENT         shift, and go to state 21
    LEFT_BRACKETS     shift, and go to state 23
    LEFT_PARENTHESIS  shift, and go to state 24
    DOUBLE_COLON      shift, and go to state 26

    expr        go to state 100
    term        go to state 29
    assignexpr  go to state 30
    primary     go to state 31
    lvalue      go to state 32
    member      go to state 33
    call        go to state 34
    objectdef   go to state 35
    const       go to state 39


State 46

   94 whilestmt: WHILE LEFT_PARENTHESIS . expr RIGHT_PARENTHESIS stmt

    ID                shift, and go to state 4
    INTCONST          shift, and go to state 5
    STRING            shift, and go to state 6
    NOT               shift, and go to state 14
    LOCAL             shift, and go to state 15
    TRUE              shift, and go to state 16
    FALSE             shift, and go to state 17
    NIL               shift, and go to state 18
    MINUS             shift, and go to state 19
    INCREMENT         shift, and go to state 20
    DECREMENT         shift, and go to state 21
    LEFT_BRACKETS     shift, and go to state 23
    LEFT_PARENTHESIS  shift, and go to state 24
    DOUBLE_COLON      shift, and go to state 26

    expr        go to state 101
    term        go to state 29
    assignexpr  go to state 30
    primary     go to state 31
    lvalue      go to state 32
    member      go to state 33
    call        go to state 34
    objectdef   go to state 35
    const       go to state 39


State 47

   95 forstmt: FOR LEFT_PARENTHESIS . elist SEMICOLON expr SEMICOLON elist RIGHT_PARENTHESIS stmt

    ID                shift, and go to state 4
    INTCONST          shift, and go to state 5
    STRING            shift, and go to state 6
    NOT               shift, and go to state 14
    LOCAL             shift, and go to state 15
    TRUE              shift, and go to state 16
    FALSE             shift, and go to state 17
    NIL               shift, and go to state 18
    MINUS             shift, and go to state 19
    INCREMENT         shift, and go to state 20
    DECREMENT         shift, and go to state 21
    LEFT_BRACKETS     shift, and go to state 23
    LEFT_PARENTHESIS  shift, and go to state 24
    DOUBLE_COLON      shift, and go to state 26

    $default  reduce using rule 60 (elist)

    expr        go to state 63
    term        go to state 29
    assignexpr  go to state 30
    primary     go to state 31
    lvalue      go to state 32
    member      go to state 33
    call        go to state 34
    elist       go to state 102
    objectdef   go to state 35
    const       go to state 39


State 48

   76 funcname: ID .

    $default  reduce using rule 76 (funcname)


State 49

   75 funcprefix: FUNCTION funcname .

    $default  reduce using rule 75 (funcprefix)


State 50

   97 returnstmt: RETURN SEMICOLON .

    $default  reduce using rule 97 (returnstmt)


State 51

   16 expr: expr . PLUS expr
   17     | expr . MINUS expr
   18     | expr . MULTIPLIES expr
   19     | expr . DIVIDES expr
   20     | expr . MODULUS expr
   21     | expr . GREATER expr
   22     | expr . GREATER_EQUAL expr
   23     | expr . LESS expr
   24     | expr . LESS_EQUAL expr
   25     | expr . EQUAL expr
   26     | expr . INEQUAL expr
   27     | expr . AND expr
   28     | expr . OR expr
   96 returnstmt: RETURN expr . SEMICOLON

    AND            shift, and go to state 70
    OR             shift, and go to state 71
    PLUS           shift, and go to state 72
    MINUS          shift, and go to state 73
    MULTIPLIES     shift, and go to state 74
    DIVIDES        shift, and go to state 75
    MODULUS        shift, and go to state 76
    EQUAL          shift, and go to state 77
    INEQUAL        shift, and go to state 78
    GREATER        shift, and go to state 79
    LESS           shift, and go to state 80
    GREATER_EQUAL  shift, and go to state 81
    LESS_EQUAL     shift, and go to state 82
    SEMICOLON      shift, and go to state 103


State 52

   10 stmt: BREAK SEMICOLON .

    $default  reduce using rule 10 (stmt)


State 53

   11 stmt: CONTINUE SEMICOLON .

    $default  reduce using rule 11 (stmt)


State 54

   16 expr: expr . PLUS expr
   17     | expr . MINUS expr
   18     | expr . MULTIPLIES expr
   19     | expr . DIVIDES expr
   20     | expr . MODULUS expr
   21     | expr . GREATER expr
   22     | expr . GREATER_EQUAL expr
   23     | expr . LESS expr
   24     | expr . LESS_EQUAL expr
   25     | expr . EQUAL expr
   26     | expr . INEQUAL expr
   27     | expr . AND expr
   28     | expr . OR expr
   32 term: NOT expr .

    $default  reduce using rule 32 (term)


State 55

   45 lvalue: LOCAL ID .

    $default  reduce using rule 45 (lvalue)


State 56

   16 expr: expr . PLUS expr
   17     | expr . MINUS expr
   18     | expr . MULTIPLIES expr
   19     | expr . DIVIDES expr
   20     | expr . MODULUS expr
   21     | expr . GREATER expr
   22     | expr . GREATER_EQUAL expr
   23     | expr . LESS expr
   24     | expr . LESS_EQUAL expr
   25     | expr . EQUAL expr
   26     | expr . INEQUAL expr
   27     | expr . AND expr
   28     | expr . OR expr
   31 term: MINUS expr .

    MULTIPLIES  shift, and go to state 74
    DIVIDES     shift, and go to state 75
    MODULUS     shift, and go to state 76

    $default  reduce using rule 31 (term)


State 57

   54 call: LEFT_PARENTHESIS . funcdef RIGHT_PARENTHESIS LEFT_PARENTHESIS elist RIGHT_PARENTHESIS

    FUNCTION  shift, and go to state 10

    funcdef     go to state 104
    funcprefix  go to state 38


State 58

   33 term: INCREMENT lvalue .
   48 member: lvalue . DOT ID
   49       | lvalue . LEFT_BRACKETS expr RIGHT_BRACKETS
   53 call: lvalue . callsuffix

    LEFT_BRACKETS     shift, and go to state 87
    LEFT_PARENTHESIS  shift, and go to state 88
    DOT               shift, and go to state 89
    DOUBLE_DOT        shift, and go to state 90

    $default  reduce using rule 33 (term)

    callsuffix  go to state 91
    normcall    go to state 92
    methodcall  go to state 93


State 59

   50 member: call . DOT ID
   51       | call . LEFT_BRACKETS expr RIGHT_BRACKETS
   52 call: call . LEFT_PARENTHESIS elist RIGHT_PARENTHESIS

    LEFT_BRACKETS     shift, and go to state 94
    LEFT_PARENTHESIS  shift, and go to state 95
    DOT               shift, and go to state 96


State 60

   35 term: DECREMENT lvalue .
   48 member: lvalue . DOT ID
   49       | lvalue . LEFT_BRACKETS expr RIGHT_BRACKETS
   53 call: lvalue . callsuffix

    LEFT_BRACKETS     shift, and go to state 87
    LEFT_PARENTHESIS  shift, and go to state 88
    DOT               shift, and go to state 89
    DOUBLE_DOT        shift, and go to state 90

    $default  reduce using rule 35 (term)

    callsuffix  go to state 91
    normcall    go to state 92
    methodcall  go to state 93


State 61

   70 block: LEFT_BRACES $@1 . stmts RIGHT_BRACES

    $default  reduce using rule 4 (stmts)

    stmts  go to state 105


State 62

   68 indexedelem: LEFT_BRACES . expr COLON expr RIGHT_BRACES

    ID                shift, and go to state 4
    INTCONST          shift, and go to state 5
    STRING            shift, and go to state 6
    NOT               shift, and go to state 14
    LOCAL             shift, and go to state 15
    TRUE              shift, and go to state 16
    FALSE             shift, and go to state 17
    NIL               shift, and go to state 18
    MINUS             shift, and go to state 19
    INCREMENT         shift, and go to state 20
    DECREMENT         shift, and go to state 21
    LEFT_BRACKETS     shift, and go to state 23
    LEFT_PARENTHESIS  shift, and go to state 24
    DOUBLE_COLON      shift, and go to state 26

    expr        go to state 106
    term        go to state 29
    assignexpr  go to state 30
    primary     go to state 31
    lvalue      go to state 32
    member      go to state 33
    call        go to state 34
    objectdef   go to state 35
    const       go to state 39


State 63

   16 expr: expr . PLUS expr
   17     | expr . MINUS expr
   18     | expr . MULTIPLIES expr
   19     | expr . DIVIDES expr
   20     | expr . MODULUS expr
   21     | expr . GREATER expr
   22     | expr . GREATER_EQUAL expr
   23     | expr . LESS expr
   24     | expr . LESS_EQUAL expr
   25     | expr . EQUAL expr
   26     | expr . INEQUAL expr
   27     | expr . AND expr
   28     | expr . OR expr
   59 elist: expr . elists

    AND            shift, and go to state 70
    OR             shift, and go to state 71
    PLUS           shift, and go to state 72
    MINUS          shift, and go to state 73
    MULTIPLIES     shift, and go to state 74
    DIVIDES        shift, and go to state 75
    MODULUS        shift, and go to state 76
    EQUAL          shift, and go to state 77
    INEQUAL        shift, and go to state 78
    GREATER        shift, and go to state 79
    LESS           shift, and go to state 80
    GREATER_EQUAL  shift, and go to state 81
    LESS_EQUAL     shift, and go to state 82
    COMMA          shift, and go to state 107

    $default  reduce using rule 62 (elists)

    elists  go to state 108


State 64

   63 objectdef: LEFT_BRACKETS elist . RIGHT_BRACKETS

    RIGHT_BRACKETS  shift, and go to state 109


State 65

   64 objectdef: LEFT_BRACKETS indexed . RIGHT_BRACKETS

    RIGHT_BRACKETS  shift, and go to state 110


State 66

   65 indexed: indexedelem . indexeds

    COMMA  shift, and go to state 111

    $default  reduce using rule 67 (indexeds)

    indexeds  go to state 112


State 67

   16 expr: expr . PLUS expr
   17     | expr . MINUS expr
   18     | expr . MULTIPLIES expr
   19     | expr . DIVIDES expr
   20     | expr . MODULUS expr
   21     | expr . GREATER expr
   22     | expr . GREATER_EQUAL expr
   23     | expr . LESS expr
   24     | expr . LESS_EQUAL expr
   25     | expr . EQUAL expr
   26     | expr . INEQUAL expr
   27     | expr . AND expr
   28     | expr . OR expr
   30 term: LEFT_PARENTHESIS expr . RIGHT_PARENTHESIS

    AND                shift, and go to state 70
    OR                 shift, and go to state 71
    PLUS               shift, and go to state 72
    MINUS              shift, and go to state 73
    MULTIPLIES         shift, and go to state 74
    DIVIDES            shift, and go to state 75
    MODULUS            shift, and go to state 76
    EQUAL              shift, and go to state 77
    INEQUAL            shift, and go to state 78
    GREATER            shift, and go to state 79
    LESS               shift, and go to state 80
    GREATER_EQUAL      shift, and go to state 81
    LESS_EQUAL         shift, and go to state 82
    RIGHT_PARENTHESIS  shift, and go to state 113


State 68

   42 primary: LEFT_PARENTHESIS funcdef . RIGHT_PARENTHESIS
   54 call: LEFT_PARENTHESIS funcdef . RIGHT_PARENTHESIS LEFT_PARENTHESIS elist RIGHT_PARENTHESIS

    RIGHT_PARENTHESIS  shift, and go to state 114


State 69

   46 lvalue: DOUBLE_COLON ID .

    $default  reduce using rule 46 (lvalue)


State 70

   27 expr: expr AND . expr

    ID                shift, and go to state 4
    INTCONST          shift, and go to state 5
    STRING            shift, and go to state 6
    NOT               shift, and go to state 14
    LOCAL             shift, and go to state 15
    TRUE              shift, and go to state 16
    FALSE             shift, and go to state 17
    NIL               shift, and go to state 18
    MINUS             shift, and go to state 19
    INCREMENT         shift, and go to state 20
    DECREMENT         shift, and go to state 21
    LEFT_BRACKETS     shift, and go to state 23
    LEFT_PARENTHESIS  shift, and go to state 24
    DOUBLE_COLON      shift, and go to state 26

    expr        go to state 115
    term        go to state 29
    assignexpr  go to state 30
    primary     go to state 31
    lvalue      go to state 32
    member      go to state 33
    call        go to state 34
    objectdef   go to state 35
    const       go to state 39


State 71

   28 expr: expr OR . expr

    ID                shift, and go to state 4
    INTCONST          shift, and go to state 5
    STRING            shift, and go to state 6
    NOT               shift, and go to state 14
    LOCAL             shift, and go to state 15
    TRUE              shift, and go to state 16
    FALSE             shift, and go to state 17
    NIL               shift, and go to state 18
    MINUS             shift, and go to state 19
    INCREMENT         shift, and go to state 20
    DECREMENT         shift, and go to state 21
    LEFT_BRACKETS     shift, and go to state 23
    LEFT_PARENTHESIS  shift, and go to state 24
    DOUBLE_COLON      shift, and go to state 26

    expr        go to state 116
    term        go to state 29
    assignexpr  go to state 30
    primary     go to state 31
    lvalue      go to state 32
    member      go to state 33
    call        go to state 34
    objectdef   go to state 35
    const       go to state 39


State 72

   16 expr: expr PLUS . expr

    ID                shift, and go to state 4
    INTCONST          shift, and go to state 5
    STRING            shift, and go to state 6
    NOT               shift, and go to state 14
    LOCAL             shift, and go to state 15
    TRUE              shift, and go to state 16
    FALSE             shift, and go to state 17
    NIL               shift, and go to state 18
    MINUS             shift, and go to state 19
    INCREMENT         shift, and go to state 20
    DECREMENT         shift, and go to state 21
    LEFT_BRACKETS     shift, and go to state 23
    LEFT_PARENTHESIS  shift, and go to state 24
    DOUBLE_COLON      shift, and go to state 26

    expr        go to state 117
    term        go to state 29
    assignexpr  go to state 30
    primary     go to state 31
    lvalue      go to state 32
    member      go to state 33
    call        go to state 34
    objectdef   go to state 35
    const       go to state 39


State 73

   17 expr: expr MINUS . expr

    ID                shift, and go to state 4
    INTCONST          shift, and go to state 5
    STRING            shift, and go to state 6
    NOT               shift, and go to state 14
    LOCAL             shift, and go to state 15
    TRUE              shift, and go to state 16
    FALSE             shift, and go to state 17
    NIL               shift, and go to state 18
    MINUS             shift, and go to state 19
    INCREMENT         shift, and go to state 20
    DECREMENT         shift, and go to state 21
    LEFT_BRACKETS     shift, and go to state 23
    LEFT_PARENTHESIS  shift, and go to state 24
    DOUBLE_COLON      shift, and go to state 26

    expr        go to state 118
    term        go to state 29
    assignexpr  go to state 30
    primary     go to state 31
    lvalue      go to state 32
    member      go to state 33
    call        go to state 34
    objectdef   go to state 35
    const       go to state 39


State 74

   18 expr: expr MULTIPLIES . expr

    ID                shift, and go to state 4
    INTCONST          shift, and go to state 5
    STRING            shift, and go to state 6
    NOT               shift, and go to state 14
    LOCAL             shift, and go to state 15
    TRUE              shift, and go to state 16
    FALSE             shift, and go to state 17
    NIL               shift, and go to state 18
    MINUS             shift, and go to state 19
    INCREMENT         shift, and go to state 20
    DECREMENT         shift, and go to state 21
    LEFT_BRACKETS     shift, and go to state 23
    LEFT_PARENTHESIS  shift, and go to state 24
    DOUBLE_COLON      shift, and go to state 26

    expr        go to state 119
    term        go to state 29
    assignexpr  go to state 30
    primary     go to state 31
    lvalue      go to state 32
    member      go to state 33
    call        go to state 34
    objectdef   go to state 35
    const       go to state 39


State 75

   19 expr: expr DIVIDES . expr

    ID                shift, and go to state 4
    INTCONST          shift, and go to state 5
    STRING            shift, and go to state 6
    NOT               shift, and go to state 14
    LOCAL             shift, and go to state 15
    TRUE              shift, and go to state 16
    FALSE             shift, and go to state 17
    NIL               shift, and go to state 18
    MINUS             shift, and go to state 19
    INCREMENT         shift, and go to state 20
    DECREMENT         shift, and go to state 21
    LEFT_BRACKETS     shift, and go to state 23
    LEFT_PARENTHESIS  shift, and go to state 24
    DOUBLE_COLON      shift, and go to state 26

    expr        go to state 120
    term        go to state 29
    assignexpr  go to state 30
    primary     go to state 31
    lvalue      go to state 32
    member      go to state 33
    call        go to state 34
    objectdef   go to state 35
    const       go to state 39


State 76

   20 expr: expr MODULUS . expr

    ID                shift, and go to state 4
    INTCONST          shift, and go to state 5
    STRING            shift, and go to state 6
    NOT               shift, and go to state 14
    LOCAL             shift, and go to state 15
    TRUE              shift, and go to state 16
    FALSE             shift, and go to state 17
    NIL               shift, and go to state 18
    MINUS             shift, and go to state 19
    INCREMENT         shift, and go to state 20
    DECREMENT         shift, and go to state 21
    LEFT_BRACKETS     shift, and go to state 23
    LEFT_PARENTHESIS  shift, and go to state 24
    DOUBLE_COLON      shift, and go to state 26

    expr        go to state 121
    term        go to state 29
    assignexpr  go to state 30
    primary     go to state 31
    lvalue      go to state 32
    member      go to state 33
    call        go to state 34
    objectdef   go to state 35
    const       go to state 39


State 77

   25 expr: expr EQUAL . expr

    ID                shift, and go to state 4
    INTCONST          shift, and go to state 5
    STRING            shift, and go to state 6
    NOT               shift, and go to state 14
    LOCAL             shift, and go to state 15
    TRUE              shift, and go to state 16
    FALSE             shift, and go to state 17
    NIL               shift, and go to state 18
    MINUS             shift, and go to state 19
    INCREMENT         shift, and go to state 20
    DECREMENT         shift, and go to state 21
    LEFT_BRACKETS     shift, and go to state 23
    LEFT_PARENTHESIS  shift, and go to state 24
    DOUBLE_COLON      shift, and go to state 26

    expr        go to state 122
    term        go to state 29
    assignexpr  go to state 30
    primary     go to state 31
    lvalue      go to state 32
    member      go to state 33
    call        go to state 34
    objectdef   go to state 35
    const       go to state 39


State 78

   26 expr: expr INEQUAL . expr

    ID                shift, and go to state 4
    INTCONST          shift, and go to state 5
    STRING            shift, and go to state 6
    NOT               shift, and go to state 14
    LOCAL             shift, and go to state 15
    TRUE              shift, and go to state 16
    FALSE             shift, and go to state 17
    NIL               shift, and go to state 18
    MINUS             shift, and go to state 19
    INCREMENT         shift, and go to state 20
    DECREMENT         shift, and go to state 21
    LEFT_BRACKETS     shift, and go to state 23
    LEFT_PARENTHESIS  shift, and go to state 24
    DOUBLE_COLON      shift, and go to state 26

    expr        go to state 123
    term        go to state 29
    assignexpr  go to state 30
    primary     go to state 31
    lvalue      go to state 32
    member      go to state 33
    call        go to state 34
    objectdef   go to state 35
    const       go to state 39


State 79

   21 expr: expr GREATER . expr

    ID                shift, and go to state 4
    INTCONST          shift, and go to state 5
    STRING            shift, and go to state 6
    NOT               shift, and go to state 14
    LOCAL             shift, and go to state 15
    TRUE              shift, and go to state 16
    FALSE             shift, and go to state 17
    NIL               shift, and go to state 18
    MINUS             shift, and go to state 19
    INCREMENT         shift, and go to state 20
    DECREMENT         shift, and go to state 21
    LEFT_BRACKETS     shift, and go to state 23
    LEFT_PARENTHESIS  shift, and go to state 24
    DOUBLE_COLON      shift, and go to state 26

    expr        go to state 124
    term        go to state 29
    assignexpr  go to state 30
    primary     go to state 31
    lvalue      go to state 32
    member      go to state 33
    call        go to state 34
    objectdef   go to state 35
    const       go to state 39


State 80

   23 expr: expr LESS . expr

    ID                shift, and go to state 4
    INTCONST          shift, and go to state 5
    STRING            shift, and go to state 6
    NOT               shift, and go to state 14
    LOCAL             shift, and go to state 15
    TRUE              shift, and go to state 16
    FALSE             shift, and go to state 17
    NIL               shift, and go to state 18
    MINUS             shift, and go to state 19
    INCREMENT         shift, and go to state 20
    DECREMENT         shift, and go to state 21
    LEFT_BRACKETS     shift, and go to state 23
    LEFT_PARENTHESIS  shift, and go to state 24
    DOUBLE_COLON      shift, and go to state 26

    expr        go to state 125
    term        go to state 29
    assignexpr  go to state 30
    primary     go to state 31
    lvalue      go to state 32
    member      go to state 33
    call        go to state 34
    objectdef   go to state 35
    const       go to state 39


State 81

   22 expr: expr GREATER_EQUAL . expr

    ID                shift, and go to state 4
    INTCONST          shift, and go to state 5
    STRING            shift, and go to state 6
    NOT               shift, and go to state 14
    LOCAL             shift, and go to state 15
    TRUE              shift, and go to state 16
    FALSE             shift, and go to state 17
    NIL               shift, and go to state 18
    MINUS             shift, and go to state 19
    INCREMENT         shift, and go to state 20
    DECREMENT         shift, and go to state 21
    LEFT_BRACKETS     shift, and go to state 23
    LEFT_PARENTHESIS  shift, and go to state 24
    DOUBLE_COLON      shift, and go to state 26

    expr        go to state 126
    term        go to state 29
    assignexpr  go to state 30
    primary     go to state 31
    lvalue      go to state 32
    member      go to state 33
    call        go to state 34
    objectdef   go to state 35
    const       go to state 39


State 82

   24 expr: expr LESS_EQUAL . expr

    ID                shift, and go to state 4
    INTCONST          shift, and go to state 5
    STRING            shift, and go to state 6
    NOT               shift, and go to state 14
    LOCAL             shift, and go to state 15
    TRUE              shift, and go to state 16
    FALSE             shift, and go to state 17
    NIL               shift, and go to state 18
    MINUS             shift, and go to state 19
    INCREMENT         shift, and go to state 20
    DECREMENT         shift, and go to state 21
    LEFT_BRACKETS     shift, and go to state 23
    LEFT_PARENTHESIS  shift, and go to state 24
    DOUBLE_COLON      shift, and go to state 26

    expr        go to state 127
    term        go to state 29
    assignexpr  go to state 30
    primary     go to state 31
    lvalue      go to state 32
    member      go to state 33
    call        go to state 34
    objectdef   go to state 35
    const       go to state 39


State 83

    5 stmt: expr SEMICOLON .

    $default  reduce using rule 5 (stmt)


State 84

   38 assignexpr: lvalue ASSIGN . expr

    ID                shift, and go to state 4
    INTCONST          shift, and go to state 5
    STRING            shift, and go to state 6
    NOT               shift, and go to state 14
    LOCAL             shift, and go to state 15
    TRUE              shift, and go to state 16
    FALSE             shift, and go to state 17
    NIL               shift, and go to state 18
    MINUS             shift, and go to state 19
    INCREMENT         shift, and go to state 20
    DECREMENT         shift, and go to state 21
    LEFT_BRACKETS     shift, and go to state 23
    LEFT_PARENTHESIS  shift, and go to state 24
    DOUBLE_COLON      shift, and go to state 26

    expr        go to state 128
    term        go to state 29
    assignexpr  go to state 30
    primary     go to state 31
    lvalue      go to state 32
    member      go to state 33
    call        go to state 34
    objectdef   go to state 35
    const       go to state 39


State 85

   34 term: lvalue INCREMENT .

    $default  reduce using rule 34 (term)


State 86

   36 term: lvalue DECREMENT .

    $default  reduce using rule 36 (term)


State 87

   49 member: lvalue LEFT_BRACKETS . expr RIGHT_BRACKETS

    ID                shift, and go to state 4
    INTCONST          shift, and go to state 5
    STRING            shift, and go to state 6
    NOT               shift, and go to state 14
    LOCAL             shift, and go to state 15
    TRUE              shift, and go to state 16
    FALSE             shift, and go to state 17
    NIL               shift, and go to state 18
    MINUS             shift, and go to state 19
    INCREMENT         shift, and go to state 20
    DECREMENT         shift, and go to state 21
    LEFT_BRACKETS     shift, and go to state 23
    LEFT_PARENTHESIS  shift, and go to state 24
    DOUBLE_COLON      shift, and go to state 26

    expr        go to state 129
    term        go to state 29
    assignexpr  go to state 30
    primary     go to state 31
    lvalue      go to state 32
    member      go to state 33
    call        go to state 34
    objectdef   go to state 35
    const       go to state 39


State 88

   57 normcall: LEFT_PARENTHESIS . elist RIGHT_PARENTHESIS

    ID                shift, and go to state 4
    INTCONST          shift, and go to state 5
    STRING            shift, and go to state 6
    NOT               shift, and go to state 14
    LOCAL             shift, and go to state 15
    TRUE              shift, and go to state 16
    FALSE             shift, and go to state 17
    NIL               shift, and go to state 18
    MINUS             shift, and go to state 19
    INCREMENT         shift, and go to state 20
    DECREMENT         shift, and go to state 21
    LEFT_BRACKETS     shift, and go to state 23
    LEFT_PARENTHESIS  shift, and go to state 24
    DOUBLE_COLON      shift, and go to state 26

    $default  reduce using rule 60 (elist)

    expr        go to state 63
    term        go to state 29
    assignexpr  go to state 30
    primary     go to state 31
    lvalue      go to state 32
    member      go to state 33
    call        go to state 34
    elist       go to state 130
    objectdef   go to state 35
    const       go to state 39


State 89

   48 member: lvalue DOT . ID

    ID  shift, and go to state 131


State 90

   58 methodcall: DOUBLE_DOT . ID LEFT_PARENTHESIS elist RIGHT_PARENTHESIS

    ID  shift, and go to state 132


State 91

   53 call: lvalue callsuffix .

    $default  reduce using rule 53 (call)


State 92

   55 callsuffix: normcall .

    $default  reduce using rule 55 (callsuffix)


State 93

   56 callsuffix: methodcall .

    $default  reduce using rule 56 (callsuffix)


State 94

   51 member: call LEFT_BRACKETS . expr RIGHT_BRACKETS

    ID                shift, and go to state 4
    INTCONST          shift, and go to state 5
    STRING            shift, and go to state 6
    NOT               shift, and go to state 14
    LOCAL             shift, and go to state 15
    TRUE              shift, and go to state 16
    FALSE             shift, and go to state 17
    NIL               shift, and go to state 18
    MINUS             shift, and go to state 19
    INCREMENT         shift, and go to state 20
    DECREMENT         shift, and go to state 21
    LEFT_BRACKETS     shift, and go to state 23
    LEFT_PARENTHESIS  shift, and go to state 24
    DOUBLE_COLON      shift, and go to state 26

    expr        go to state 133
    term        go to state 29
    assignexpr  go to state 30
    primary     go to state 31
    lvalue      go to state 32
    member      go to state 33
    call        go to state 34
    objectdef   go to state 35
    const       go to state 39


State 95

   52 call: call LEFT_PARENTHESIS . elist RIGHT_PARENTHESIS

    ID                shift, and go to state 4
    INTCONST          shift, and go to state 5
    STRING            shift, and go to state 6
    NOT               shift, and go to state 14
    LOCAL             shift, and go to state 15
    TRUE              shift, and go to state 16
    FALSE             shift, and go to state 17
    NIL               shift, and go to state 18
    MINUS             shift, and go to state 19
    INCREMENT         shift, and go to state 20
    DECREMENT         shift, and go to state 21
    LEFT_BRACKETS     shift, and go to state 23
    LEFT_PARENTHESIS  shift, and go to state 24
    DOUBLE_COLON      shift, and go to state 26

    $default  reduce using rule 60 (elist)

    expr        go to state 63
    term        go to state 29
    assignexpr  go to state 30
    primary     go to state 31
    lvalue      go to state 32
    member      go to state 33
    call        go to state 34
    elist       go to state 134
    objectdef   go to state 35
    const       go to state 39


State 96

   50 member: call DOT . ID

    ID  shift, and go to state 135


State 97

   73 funcargs: LEFT_PARENTHESIS . $@2 idlist RIGHT_PARENTHESIS

    $default  reduce using rule 72 ($@2)

    $@2  go to state 136


State 98

   71 funcdef: funcprefix funcargs . funcbody

    LEFT_BRACES  shift, and go to state 137

    funcbody   go to state 138
    funcblock  go to state 139


State 99

   91 ifstmt: ifprefix stmt .
   92       | ifprefix stmt . ELSE stmt

    ELSE  shift, and go to state 140

    ELSE      [reduce using rule 91 (ifstmt)]
    $default  reduce using rule 91 (ifstmt)


State 100

   16 expr: expr . PLUS expr
   17     | expr . MINUS expr
   18     | expr . MULTIPLIES expr
   19     | expr . DIVIDES expr
   20     | expr . MODULUS expr
   21     | expr . GREATER expr
   22     | expr . GREATER_EQUAL expr
   23     | expr . LESS expr
   24     | expr . LESS_EQUAL expr
   25     | expr . EQUAL expr
   26     | expr . INEQUAL expr
   27     | expr . AND expr
   28     | expr . OR expr
   93 ifprefix: IF LEFT_PARENTHESIS expr . RIGHT_PARENTHESIS

    AND                shift, and go to state 70
    OR                 shift, and go to state 71
    PLUS               shift, and go to state 72
    MINUS              shift, and go to state 73
    MULTIPLIES         shift, and go to state 74
    DIVIDES            shift, and go to state 75
    MODULUS            shift, and go to state 76
    EQUAL              shift, and go to state 77
    INEQUAL            shift, and go to state 78
    GREATER            shift, and go to state 79
    LESS               shift, and go to state 80
    GREATER_EQUAL      shift, and go to state 81
    LESS_EQUAL         shift, and go to state 82
    RIGHT_PARENTHESIS  shift, and go to state 141


State 101

   16 expr: expr . PLUS expr
   17     | expr . MINUS expr
   18     | expr . MULTIPLIES expr
   19     | expr . DIVIDES expr
   20     | expr . MODULUS expr
   21     | expr . GREATER expr
   22     | expr . GREATER_EQUAL expr
   23     | expr . LESS expr
   24     | expr . LESS_EQUAL expr
   25     | expr . EQUAL expr
   26     | expr . INEQUAL expr
   27     | expr . AND expr
   28     | expr . OR expr
   94 whilestmt: WHILE LEFT_PARENTHESIS expr . RIGHT_PARENTHESIS stmt

    AND                shift, and go to state 70
    OR                 shift, and go to state 71
    PLUS               shift, and go to state 72
    MINUS              shift, and go to state 73
    MULTIPLIES         shift, and go to state 74
    DIVIDES            shift, and go to state 75
    MODULUS            shift, and go to state 76
    EQUAL              shift, and go to state 77
    INEQUAL            shift, and go to state 78
    GREATER            shift, and go to state 79
    LESS               shift, and go to state 80
    GREATER_EQUAL      shift, and go to state 81
    LESS_EQUAL         shift, and go to state 82
    RIGHT_PARENTHESIS  shift, and go to state 142


State 102

   95 forstmt: FOR LEFT_PARENTHESIS elist . SEMICOLON expr SEMICOLON elist RIGHT_PARENTHESIS stmt

    SEMICOLON  shift, and go to state 143


State 103

   96 returnstmt: RETURN expr SEMICOLON .

    $default  reduce using rule 96 (returnstmt)


State 104

   54 call: LEFT_PARENTHESIS funcdef . RIGHT_PARENTHESIS LEFT_PARENTHESIS elist RIGHT_PARENTHESIS

    RIGHT_PARENTHESIS  shift, and go to state 144


State 105

    3 stmts: stmts . stmt
   70 block: LEFT_BRACES $@1 stmts . RIGHT_BRACES

    ID                shift, and go to state 4
    INTCONST          shift, and go to state 5
    STRING            shift, and go to state 6
    IF                shift, and go to state 7
    WHILE             shift, and go to state 8
    FOR               shift, and go to state 9
    FUNCTION          shift, and go to state 10
    RETURN            shift, and go to state 11
    BREAK             shift, and go to state 12
    CONTINUE          shift, and go to state 13
    NOT               shift, and go to state 14
    LOCAL             shift, and go to state 15
    TRUE              shift, and go to state 16
    FALSE             shift, and go to state 17
    NIL               shift, and go to state 18
    MINUS             shift, and go to state 19
    INCREMENT         shift, and go to state 20
    DECREMENT         shift, and go to state 21
    LEFT_BRACES       shift, and go to state 22
    RIGHT_BRACES      shift, and go to state 145
    LEFT_BRACKETS     shift, and go to state 23
    LEFT_PARENTHESIS  shift, and go to state 24
    SEMICOLON         shift, and go to state 25
    DOUBLE_COLON      shift, and go to state 26

    stmt        go to state 146
    expr        go to state 28
    term        go to state 29
    assignexpr  go to state 30
    primary     go to state 31
    lvalue      go to state 32
    member      go to state 33
    call        go to state 34
    objectdef   go to state 35
    block       go to state 36
    funcdef     go to state 37
    funcprefix  go to state 38
    const       go to state 39
    ifstmt      go to state 40
    ifprefix    go to state 41
    whilestmt   go to state 42
    forstmt     go to state 43
    returnstmt  go to state 44


State 106

   16 expr: expr . PLUS expr
   17     | expr . MINUS expr
   18     | expr . MULTIPLIES expr
   19     | expr . DIVIDES expr
   20     | expr . MODULUS expr
   21     | expr . GREATER expr
   22     | expr . GREATER_EQUAL expr
   23     | expr . LESS expr
   24     | expr . LESS_EQUAL expr
   25     | expr . EQUAL expr
   26     | expr . INEQUAL expr
   27     | expr . AND expr
   28     | expr . OR expr
   68 indexedelem: LEFT_BRACES expr . COLON expr RIGHT_BRACES

    AND            shift, and go to state 70
    OR             shift, and go to state 71
    PLUS           shift, and go to state 72
    MINUS          shift, and go to state 73
    MULTIPLIES     shift, and go to state 74
    DIVIDES        shift, and go to state 75
    MODULUS        shift, and go to state 76
    EQUAL          shift, and go to state 77
    INEQUAL        shift, and go to state 78
    GREATER        shift, and go to state 79
    LESS           shift, and go to state 80
    GREATER_EQUAL  shift, and go to state 81
    LESS_EQUAL     shift, and go to state 82
    COLON          shift, and go to state 147


State 107

   61 elists: COMMA . expr elists

    ID                shift, and go to state 4
    INTCONST          shift, and go to state 5
    STRING            shift, and go to state 6
    NOT               shift, and go to state 14
    LOCAL             shift, and go to state 15
    TRUE              shift, and go to state 16
    FALSE             shift, and go to state 17
    NIL               shift, and go to state 18
    MINUS             shift, and go to state 19
    INCREMENT         shift, and go to state 20
    DECREMENT         shift, and go to state 21
    LEFT_BRACKETS     shift, and go to state 23
    LEFT_PARENTHESIS  shift, and go to state 24
    DOUBLE_COLON      shift, and go to state 26

    expr        go to state 148
    term        go to state 29
    assignexpr  go to state 30
    primary     go to state 31
    lvalue      go to state 32
    member      go to state 33
    call        go to state 34
    objectdef   go to state 35
    const       go to state 39


State 108

   59 elist: expr elists .

    $default  reduce using rule 59 (elist)


State 109

   63 objectdef: LEFT_BRACKETS elist RIGHT_BRACKETS .

    $default  reduce using rule 63 (objectdef)


State 110

   64 objectdef: LEFT_BRACKETS indexed RIGHT_BRACKETS .

    $default  reduce using rule 64 (objectdef)


State 111

   66 indexeds: COMMA . indexed

    LEFT_BRACES  shift, and go to state 62

    indexed      go to state 149
    indexedelem  go to state 66


State 112

   65 indexed: indexedelem indexeds .

    $default  reduce using rule 65 (indexed)


State 113

   30 term: LEFT_PARENTHESIS expr RIGHT_PARENTHESIS .

    $default  reduce using rule 30 (term)


State 114

   42 primary: LEFT_PARENTHESIS funcdef RIGHT_PARENTHESIS .
   54 call: LEFT_PARENTHESIS funcdef RIGHT_PARENTHESIS . LEFT_PARENTHESIS elist RIGHT_PARENTHESIS

    LEFT_PARENTHESIS  shift, and go to state 150

    $default  reduce using rule 42 (primary)


State 115

   16 expr: expr . PLUS expr
   17     | expr . MINUS expr
   18     | expr . MULTIPLIES expr
   19     | expr . DIVIDES expr
   20     | expr . MODULUS expr
   21     | expr . GREATER expr
   22     | expr . GREATER_EQUAL expr
   23     | expr . LESS expr
   24     | expr . LESS_EQUAL expr
   25     | expr . EQUAL expr
   26     | expr . INEQUAL expr
   27     | expr . AND expr
   27     | expr AND expr .
   28     | expr . OR expr

    OR             shift, and go to state 71
    PLUS           shift, and go to state 72
    MINUS          shift, and go to state 73
    MULTIPLIES     shift, and go to state 74
    DIVIDES        shift, and go to state 75
    MODULUS        shift, and go to state 76
    EQUAL          shift, and go to state 77
    INEQUAL        shift, and go to state 78
    GREATER        shift, and go to state 79
    LESS           shift, and go to state 80
    GREATER_EQUAL  shift, and go to state 81
    LESS_EQUAL     shift, and go to state 82

    $default  reduce using rule 27 (expr)


State 116

   16 expr: expr . PLUS expr
   17     | expr . MINUS expr
   18     | expr . MULTIPLIES expr
   19     | expr . DIVIDES expr
   20     | expr . MODULUS expr
   21     | expr . GREATER expr
   22     | expr . GREATER_EQUAL expr
   23     | expr . LESS expr
   24     | expr . LESS_EQUAL expr
   25     | expr . EQUAL expr
   26     | expr . INEQUAL expr
   27     | expr . AND expr
   28     | expr . OR expr
   28     | expr OR expr .

    PLUS           shift, and go to state 72
    MINUS          shift, and go to state 73
    MULTIPLIES     shift, and go to state 74
    DIVIDES        shift, and go to state 75
    MODULUS        shift, and go to state 76
    EQUAL          shift, and go to state 77
    INEQUAL        shift, and go to state 78
    GREATER        shift, and go to state 79
    LESS           shift, and go to state 80
    GREATER_EQUAL  shift, and go to state 81
    LESS_EQUAL     shift, and go to state 82

    $default  reduce using rule 28 (expr)


State 117

   16 expr: expr . PLUS expr
   16     | expr PLUS expr .
   17     | expr . MINUS expr
   18     | expr . MULTIPLIES expr
   19     | expr . DIVIDES expr
   20     | expr . MODULUS expr
   21     | expr . GREATER expr
   22     | expr . GREATER_EQUAL expr
   23     | expr . LESS expr
   24     | expr . LESS_EQUAL expr
   25     | expr . EQUAL expr
   26     | expr . INEQUAL expr
   27     | expr . AND expr
   28     | expr . OR expr

    MULTIPLIES  shift, and go to state 74
    DIVIDES     shift, and go to state 75
    MODULUS     shift, and go to state 76

    $default  reduce using rule 16 (expr)


State 118

   16 expr: expr . PLUS expr
   17     | expr . MINUS expr
   17     | expr MINUS expr .
   18     | expr . MULTIPLIES expr
   19     | expr . DIVIDES expr
   20     | expr . MODULUS expr
   21     | expr . GREATER expr
   22     | expr . GREATER_EQUAL expr
   23     | expr . LESS expr
   24     | expr . LESS_EQUAL expr
   25     | expr . EQUAL expr
   26     | expr . INEQUAL expr
   27     | expr . AND expr
   28     | expr . OR expr

    MULTIPLIES  shift, and go to state 74
    DIVIDES     shift, and go to state 75
    MODULUS     shift, and go to state 76

    $default  reduce using rule 17 (expr)


State 119

   16 expr: expr . PLUS expr
   17     | expr . MINUS expr
   18     | expr . MULTIPLIES expr
   18     | expr MULTIPLIES expr .
   19     | expr . DIVIDES expr
   20     | expr . MODULUS expr
   21     | expr . GREATER expr
   22     | expr . GREATER_EQUAL expr
   23     | expr . LESS expr
   24     | expr . LESS_EQUAL expr
   25     | expr . EQUAL expr
   26     | expr . INEQUAL expr
   27     | expr . AND expr
   28     | expr . OR expr

    $default  reduce using rule 18 (expr)


State 120

   16 expr: expr . PLUS expr
   17     | expr . MINUS expr
   18     | expr . MULTIPLIES expr
   19     | expr . DIVIDES expr
   19     | expr DIVIDES expr .
   20     | expr . MODULUS expr
   21     | expr . GREATER expr
   22     | expr . GREATER_EQUAL expr
   23     | expr . LESS expr
   24     | expr . LESS_EQUAL expr
   25     | expr . EQUAL expr
   26     | expr . INEQUAL expr
   27     | expr . AND expr
   28     | expr . OR expr

    $default  reduce using rule 19 (expr)


State 121

   16 expr: expr . PLUS expr
   17     | expr . MINUS expr
   18     | expr . MULTIPLIES expr
   19     | expr . DIVIDES expr
   20     | expr . MODULUS expr
   20     | expr MODULUS expr .
   21     | expr . GREATER expr
   22     | expr . GREATER_EQUAL expr
   23     | expr . LESS expr
   24     | expr . LESS_EQUAL expr
   25     | expr . EQUAL expr
   26     | expr . INEQUAL expr
   27     | expr . AND expr
   28     | expr . OR expr

    $default  reduce using rule 20 (expr)


State 122

   16 expr: expr . PLUS expr
   17     | expr . MINUS expr
   18     | expr . MULTIPLIES expr
   19     | expr . DIVIDES expr
   20     | expr . MODULUS expr
   21     | expr . GREATER expr
   22     | expr . GREATER_EQUAL expr
   23     | expr . LESS expr
   24     | expr . LESS_EQUAL expr
   25     | expr . EQUAL expr
   25     | expr EQUAL expr .
   26     | expr . INEQUAL expr
   27     | expr . AND expr
   28     | expr . OR expr

    PLUS           shift, and go to state 72
    MINUS          shift, and go to state 73
    MULTIPLIES     shift, and go to state 74
    DIVIDES        shift, and go to state 75
    MODULUS        shift, and go to state 76
    GREATER        shift, and go to state 79
    LESS           shift, and go to state 80
    GREATER_EQUAL  shift, and go to state 81
    LESS_EQUAL     shift, and go to state 82

    EQUAL    error (nonassociative)
    INEQUAL  error (nonassociative)

    $default  reduce using rule 25 (expr)


State 123

   16 expr: expr . PLUS expr
   17     | expr . MINUS expr
   18     | expr . MULTIPLIES expr
   19     | expr . DIVIDES expr
   20     | expr . MODULUS expr
   21     | expr . GREATER expr
   22     | expr . GREATER_EQUAL expr
   23     | expr . LESS expr
   24     | expr . LESS_EQUAL expr
   25     | expr . EQUAL expr
   26     | expr . INEQUAL expr
   26     | expr INEQUAL expr .
   27     | expr . AND expr
   28     | expr . OR expr

    PLUS           shift, and go to state 72
    MINUS          shift, and go to state 73
    MULTIPLIES     shift, and go to state 74
    DIVIDES        shift, and go to state 75
    MODULUS        shift, and go to state 76
    GREATER        shift, and go to state 79
    LESS           shift, and go to state 80
    GREATER_EQUAL  shift, and go to state 81
    LESS_EQUAL     shift, and go to state 82

    EQUAL    error (nonassociative)
    INEQUAL  error (nonassociative)

    $default  reduce using rule 26 (expr)


State 124

   16 expr: expr . PLUS expr
   17     | expr . MINUS expr
   18     | expr . MULTIPLIES expr
   19     | expr . DIVIDES expr
   20     | expr . MODULUS expr
   21     | expr . GREATER expr
   21     | expr GREATER expr .
   22     | expr . GREATER_EQUAL expr
   23     | expr . LESS expr
   24     | expr . LESS_EQUAL expr
   25     | expr . EQUAL expr
   26     | expr . INEQUAL expr
   27     | expr . AND expr
   28     | expr . OR expr

    PLUS        shift, and go to state 72
    MINUS       shift, and go to state 73
    MULTIPLIES  shift, and go to state 74
    DIVIDES     shift, and go to state 75
    MODULUS     shift, and go to state 76

    GREATER        error (nonassociative)
    LESS           error (nonassociative)
    GREATER_EQUAL  error (nonassociative)
    LESS_EQUAL     error (nonassociative)

    $default  reduce using rule 21 (expr)


State 125

   16 expr: expr . PLUS expr
   17     | expr . MINUS expr
   18     | expr . MULTIPLIES expr
   19     | expr . DIVIDES expr
   20     | expr . MODULUS expr
   21     | expr . GREATER expr
   22     | expr . GREATER_EQUAL expr
   23     | expr . LESS expr
   23     | expr LESS expr .
   24     | expr . LESS_EQUAL expr
   25     | expr . EQUAL expr
   26     | expr . INEQUAL expr
   27     | expr . AND expr
   28     | expr . OR expr

    PLUS        shift, and go to state 72
    MINUS       shift, and go to state 73
    MULTIPLIES  shift, and go to state 74
    DIVIDES     shift, and go to state 75
    MODULUS     shift, and go to state 76

    GREATER        error (nonassociative)
    LESS           error (nonassociative)
    GREATER_EQUAL  error (nonassociative)
    LESS_EQUAL     error (nonassociative)

    $default  reduce using rule 23 (expr)


State 126

   16 expr: expr . PLUS expr
   17     | expr . MINUS expr
   18     | expr . MULTIPLIES expr
   19     | expr . DIVIDES expr
   20     | expr . MODULUS expr
   21     | expr . GREATER expr
   22     | expr . GREATER_EQUAL expr
   22     | expr GREATER_EQUAL expr .
   23     | expr . LESS expr
   24     | expr . LESS_EQUAL expr
   25     | expr . EQUAL expr
   26     | expr . INEQUAL expr
   27     | expr . AND expr
   28     | expr . OR expr

    PLUS        shift, and go to state 72
    MINUS       shift, and go to state 73
    MULTIPLIES  shift, and go to state 74
    DIVIDES     shift, and go to state 75
    MODULUS     shift, and go to state 76

    GREATER        error (nonassociative)
    LESS           error (nonassociative)
    GREATER_EQUAL  error (nonassociative)
    LESS_EQUAL     error (nonassociative)

    $default  reduce using rule 22 (expr)


State 127

   16 expr: expr . PLUS expr
   17     | expr . MINUS expr
   18     | expr . MULTIPLIES expr
   19     | expr . DIVIDES expr
   20     | expr . MODULUS expr
   21     | expr . GREATER expr
   22     | expr . GREATER_EQUAL expr
   23     | expr . LESS expr
   24     | expr . LESS_EQUAL expr
   24     | expr LESS_EQUAL expr .
   25     | expr . EQUAL expr
   26     | expr . INEQUAL expr
   27     | expr . AND expr
   28     | expr . OR expr

    PLUS        shift, and go to state 72
    MINUS       shift, and go to state 73
    MULTIPLIES  shift, and go to state 74
    DIVIDES     shift, and go to state 75
    MODULUS     shift, and go to state 76

    GREATER        error (nonassociative)
    LESS           error (nonassociative)
    GREATER_EQUAL  error (nonassociative)
    LESS_EQUAL     error (nonassociative)

    $default  reduce using rule 24 (expr)


State 128

   16 expr: expr . PLUS expr
   17     | expr . MINUS expr
   18     | expr . MULTIPLIES expr
   19     | expr . DIVIDES expr
   20     | expr . MODULUS expr
   21     | expr . GREATER expr
   22     | expr . GREATER_EQUAL expr
   23     | expr . LESS expr
   24     | expr . LESS_EQUAL expr
   25     | expr . EQUAL expr
   26     | expr . INEQUAL expr
   27     | expr . AND expr
   28     | expr . OR expr
   38 assignexpr: lvalue ASSIGN expr .

    AND            shift, and go to state 70
    OR             shift, and go to state 71
    PLUS           shift, and go to state 72
    MINUS          shift, and go to state 73
    MULTIPLIES     shift, and go to state 74
    DIVIDES        shift, and go to state 75
    MODULUS        shift, and go to state 76
    EQUAL          shift, and go to state 77
    INEQUAL        shift, and go to state 78
    GREATER        shift, and go to state 79
    LESS           shift, and go to state 80
    GREATER_EQUAL  shift, and go to state 81
    LESS_EQUAL     shift, and go to state 82

    $default  reduce using rule 38 (assignexpr)


State 129

   16 expr: expr . PLUS expr
   17     | expr . MINUS expr
   18     | expr . MULTIPLIES expr
   19     | expr . DIVIDES expr
   20     | expr . MODULUS expr
   21     | expr . GREATER expr
   22     | expr . GREATER_EQUAL expr
   23     | expr . LESS expr
   24     | expr . LESS_EQUAL expr
   25     | expr . EQUAL expr
   26     | expr . INEQUAL expr
   27     | expr . AND expr
   28     | expr . OR expr
   49 member: lvalue LEFT_BRACKETS expr . RIGHT_BRACKETS

    AND             shift, and go to state 70
    OR              shift, and go to state 71
    PLUS            shift, and go to state 72
    MINUS           shift, and go to state 73
    MULTIPLIES      shift, and go to state 74
    DIVIDES         shift, and go to state 75
    MODULUS         shift, and go to state 76
    EQUAL           shift, and go to state 77
    INEQUAL         shift, and go to state 78
    GREATER         shift, and go to state 79
    LESS            shift, and go to state 80
    GREATER_EQUAL   shift, and go to state 81
    LESS_EQUAL      shift, and go to state 82
    RIGHT_BRACKETS  shift, and go to state 151


State 130

   57 normcall: LEFT_PARENTHESIS elist . RIGHT_PARENTHESIS

    RIGHT_PARENTHESIS  shift, and go to state 152


State 131

   48 member: lvalue DOT ID .

    $default  reduce using rule 48 (member)


State 132

   58 methodcall: DOUBLE_DOT ID . LEFT_PARENTHESIS elist RIGHT_PARENTHESIS

    LEFT_PARENTHESIS  shift, and go to state 153


State 133

   16 expr: expr . PLUS expr
   17     | expr . MINUS expr
   18     | expr . MULTIPLIES expr
   19     | expr . DIVIDES expr
   20     | expr . MODULUS expr
   21     | expr . GREATER expr
   22     | expr . GREATER_EQUAL expr
   23     | expr . LESS expr
   24     | expr . LESS_EQUAL expr
   25     | expr . EQUAL expr
   26     | expr . INEQUAL expr
   27     | expr . AND expr
   28     | expr . OR expr
   51 member: call LEFT_BRACKETS expr . RIGHT_BRACKETS

    AND             shift, and go to state 70
    OR              shift, and go to state 71
    PLUS            shift, and go to state 72
    MINUS           shift, and go to state 73
    MULTIPLIES      shift, and go to state 74
    DIVIDES         shift, and go to state 75
    MODULUS         shift, and go to state 76
    EQUAL           shift, and go to state 77
    INEQUAL         shift, and go to state 78
    GREATER         shift, and go to state 79
    LESS            shift, and go to state 80
    GREATER_EQUAL   shift, and go to state 81
    LESS_EQUAL      shift, and go to state 82
    RIGHT_BRACKETS  shift, and go to state 154


State 134

   52 call: call LEFT_PARENTHESIS elist . RIGHT_PARENTHESIS

    RIGHT_PARENTHESIS  shift, and go to state 155


State 135

   50 member: call DOT ID .

    $default  reduce using rule 50 (member)


State 136

   73 funcargs: LEFT_PARENTHESIS $@2 . idlist RIGHT_PARENTHESIS

    ID  shift, and go to state 156

    $default  reduce using rule 87 (idlist)

    idlist  go to state 157


State 137

   79 funcblock: LEFT_BRACES . $@3 stmts RIGHT_BRACES

    $default  reduce using rule 78 ($@3)

    $@3  go to state 158


State 138

   71 funcdef: funcprefix funcargs funcbody .

    $default  reduce using rule 71 (funcdef)


State 139

   74 funcbody: funcblock .

    $default  reduce using rule 74 (funcbody)


State 140

   92 ifstmt: ifprefix stmt ELSE . stmt

    ID                shift, and go to state 4
    INTCONST          shift, and go to state 5
    STRING            shift, and go to state 6
    IF                shift, and go to state 7
    WHILE             shift, and go to state 8
    FOR               shift, and go to state 9
    FUNCTION          shift, and go to state 10
    RETURN            shift, and go to state 11
    BREAK             shift, and go to state 12
    CONTINUE          shift, and go to state 13
    NOT               shift, and go to state 14
    LOCAL             shift, and go to state 15
    TRUE              shift, and go to state 16
    FALSE             shift, and go to state 17
    NIL               shift, and go to state 18
    MINUS             shift, and go to state 19
    INCREMENT         shift, and go to state 20
    DECREMENT         shift, and go to state 21
    LEFT_BRACES       shift, and go to state 22
    LEFT_BRACKETS     shift, and go to state 23
    LEFT_PARENTHESIS  shift, and go to state 24
    SEMICOLON         shift, and go to state 25
    DOUBLE_COLON      shift, and go to state 26

    stmt        go to state 159
    expr        go to state 28
    term        go to state 29
    assignexpr  go to state 30
    primary     go to state 31
    lvalue      go to state 32
    member      go to state 33
    call        go to state 34
    objectdef   go to state 35
    block       go to state 36
    funcdef     go to state 37
    funcprefix  go to state 38
    const       go to state 39
    ifstmt      go to state 40
    ifprefix    go to state 41
    whilestmt   go to state 42
    forstmt     go to state 43
    returnstmt  go to state 44


State 141

   93 ifprefix: IF LEFT_PARENTHESIS expr RIGHT_PARENTHESIS .

    $default  reduce using rule 93 (ifprefix)


State 142

   94 whilestmt: WHILE LEFT_PARENTHESIS expr RIGHT_PARENTHESIS . stmt

    ID                shift, and go to state 4
    INTCONST          shift, and go to state 5
    STRING            shift, and go to state 6
    IF                shift, and go to state 7
    WHILE             shift, and go to state 8
    FOR               shift, and go to state 9
    FUNCTION          shift, and go to state 10
    RETURN            shift, and go to state 11
    BREAK             shift, and go to state 12
    CONTINUE          shift, and go to state 13
    NOT               shift, and go to state 14
    LOCAL             shift, and go to state 15
    TRUE              shift, and go to state 16
    FALSE             shift, and go to state 17
    NIL               shift, and go to state 18
    MINUS             shift, and go to state 19
    INCREMENT         shift, and go to state 20
    DECREMENT         shift, and go to state 21
    LEFT_BRACES       shift, and go to state 22
    LEFT_BRACKETS     shift, and go to state 23
    LEFT_PARENTHESIS  shift, and go to state 24
    SEMICOLON         shift, and go to state 25
    DOUBLE_COLON      shift, and go to state 26

    stmt        go to state 160
    expr        go to state 28
    term        go to state 29
    assignexpr  go to state 30
    primary     go to state 31
    lvalue      go to state 32
    member      go to state 33
    call        go to state 34
    objectdef   go to state 35
    block       go to state 36
    funcdef     go to state 37
    funcprefix  go to state 38
    const       go to state 39
    ifstmt      go to state 40
    ifprefix    go to state 41
    whilestmt   go to state 42
    forstmt     go to state 43
    returnstmt  go to state 44


State 143

   95 forstmt: FOR LEFT_PARENTHESIS elist SEMICOLON . expr SEMICOLON elist RIGHT_PARENTHESIS stmt

    ID                shift, and go to state 4
    INTCONST          shift, and go to state 5
    STRING            shift, and go to state 6
    NOT               shift, and go to state 14
    LOCAL             shift, and go to state 15
    TRUE              shift, and go to state 16
    FALSE             shift, and go to state 17
    NIL               shift, and go to state 18
    MINUS             shift, and go to state 19
    INCREMENT         shift, and go to state 20
    DECREMENT         shift, and go to state 21
    LEFT_BRACKETS     shift, and go to state 23
    LEFT_PARENTHESIS  shift, and go to state 24
    DOUBLE_COLON      shift, and go to state 26

    expr        go to state 161
    term        go to state 29
    assignexpr  go to state 30
    primary     go to state 31
    lvalue      go to state 32
    member      go to state 33
    call        go to state 34
    objectdef   go to state 35
    const       go to state 39


State 144

   54 call: LEFT_PARENTHESIS funcdef RIGHT_PARENTHESIS . LEFT_PARENTHESIS elist RIGHT_PARENTHESIS

    LEFT_PARENTHESIS  shift, and go to state 150


State 145

   70 block: LEFT_BRACES $@1 stmts RIGHT_BRACES .

    $default  reduce using rule 70 (block)


State 146

    3 stmts: stmts stmt .

    $default  reduce using rule 3 (stmts)


State 147

   68 indexedelem: LEFT_BRACES expr COLON . expr RIGHT_BRACES

    ID                shift, and go to state 4
    INTCONST          shift, and go to state 5
    STRING            shift, and go to state 6
    NOT               shift, and go to state 14
    LOCAL             shift, and go to state 15
    TRUE              shift, and go to state 16
    FALSE             shift, and go to state 17
    NIL               shift, and go to state 18
    MINUS             shift, and go to state 19
    INCREMENT         shift, and go to state 20
    DECREMENT         shift, and go to state 21
    LEFT_BRACKETS     shift, and go to state 23
    LEFT_PARENTHESIS  shift, and go to state 24
    DOUBLE_COLON      shift, and go to state 26

    expr        go to state 162
    term        go to state 29
    assignexpr  go to state 30
    primary     go to state 31
    lvalue      go to state 32
    member      go to state 33
    call        go to state 34
    objectdef   go to state 35
    const       go to state 39


State 148

   16 expr: expr . PLUS expr
   17     | expr . MINUS expr
   18     | expr . MULTIPLIES expr
   19     | expr . DIVIDES expr
   20     | expr . MODULUS expr
   21     | expr . GREATER expr
   22     | expr . GREATER_EQUAL expr
   23     | expr . LESS expr
   24     | expr . LESS_EQUAL expr
   25     | expr . EQUAL expr
   26     | expr . INEQUAL expr
   27     | expr . AND expr
   28     | expr . OR expr
   61 elists: COMMA expr . elists

    AND            shift, and go to state 70
    OR             shift, and go to state 71
    PLUS           shift, and go to state 72
    MINUS          shift, and go to state 73
    MULTIPLIES     shift, and go to state 74
    DIVIDES        shift, and go to state 75
    MODULUS        shift, and go to state 76
    EQUAL          shift, and go to state 77
    INEQUAL        shift, and go to state 78
    GREATER        shift, and go to state 79
    LESS           shift, and go to state 80
    GREATER_EQUAL  shift, and go to state 81
    LESS_EQUAL     shift, and go to state 82
    COMMA          shift, and go to state 107

    $default  reduce using rule 62 (elists)

    elists  go to state 163


State 149

   66 indexeds: COMMA indexed .

    $default  reduce using rule 66 (indexeds)


State 150

   54 call: LEFT_PARENTHESIS funcdef RIGHT_PARENTHESIS LEFT_PARENTHESIS . elist RIGHT_PARENTHESIS

    ID                shift, and go to state 4
    INTCONST          shift, and go to state 5
    STRING            shift, and go to state 6
    NOT               shift, and go to state 14
    LOCAL             shift, and go to state 15
    TRUE              shift, and go to state 16
    FALSE             shift, and go to state 17
    NIL               shift, and go to state 18
    MINUS             shift, and go to state 19
    INCREMENT         shift, and go to state 20
    DECREMENT         shift, and go to state 21
    LEFT_BRACKETS     shift, and go to state 23
    LEFT_PARENTHESIS  shift, and go to state 24
    DOUBLE_COLON      shift, and go to state 26

    $default  reduce using rule 60 (elist)

    expr        go to state 63
    term        go to state 29
    assignexpr  go to state 30
    primary     go to state 31
    lvalue      go to state 32
    member      go to state 33
    call        go to state 34
    elist       go to state 164
    objectdef   go to state 35
    const       go to state 39


State 151

   49 member: lvalue LEFT_BRACKETS expr RIGHT_BRACKETS .

    $default  reduce using rule 49 (member)


State 152

   57 normcall: LEFT_PARENTHESIS elist RIGHT_PARENTHESIS .

    $default  reduce using rule 57 (normcall)


State 153

   58 methodcall: DOUBLE_DOT ID LEFT_PARENTHESIS . elist RIGHT_PARENTHESIS

    ID                shift, and go to state 4
    INTCONST          shift, and go to state 5
    STRING            shift, and go to state 6
    NOT               shift, and go to state 14
    LOCAL             shift, and go to state 15
    TRUE              shift, and go to state 16
    FALSE             shift, and go to state 17
    NIL               shift, and go to state 18
    MINUS             shift, and go to state 19
    INCREMENT         shift, and go to state 20
    DECREMENT         shift, and go to state 21
    LEFT_BRACKETS     shift, and go to state 23
    LEFT_PARENTHESIS  shift, and go to state 24
    DOUBLE_COLON      shift, and go to state 26

    $default  reduce using rule 60 (elist)

    expr        go to state 63
    term        go to state 29
    assignexpr  go to state 30
    primary     go to state 31
    lvalue      go to state 32
    member      go to state 33
    call        go to state 34
    elist       go to state 165
    objectdef   go to state 35
    const       go to state 39


State 154

   51 member: call LEFT_BRACKETS expr RIGHT_BRACKETS .

    $default  reduce using rule 51 (member)


State 155

   52 call: call LEFT_PARENTHESIS elist RIGHT_PARENTHESIS .

    $default  reduce using rule 52 (call)


State 156

   86 idlist: ID . $@4 ids

    $default  reduce using rule 85 ($@4)

    $@4  go to state 166


State 157

   73 funcargs: LEFT_PARENTHESIS $@2 idlist . RIGHT_PARENTHESIS

    RIGHT_PARENTHESIS  shift, and go to state 167


State 158

   79 funcblock: LEFT_BRACES $@3 . stmts RIGHT_BRACES

    $default  reduce using rule 4 (stmts)

    stmts  go to state 168


State 159

   92 ifstmt: ifprefix stmt ELSE stmt .

    $default  reduce using rule 92 (ifstmt)


State 160

   94 whilestmt: WHILE LEFT_PARENTHESIS expr RIGHT_PARENTHESIS stmt .

    $default  reduce using rule 94 (whilestmt)


State 161

   16 expr: expr . PLUS expr
   17     | expr . MINUS expr
   18     | expr . MULTIPLIES expr
   19     | expr . DIVIDES expr
   20     | expr . MODULUS expr
   21     | expr . GREATER expr
   22     | expr . GREATER_EQUAL expr
   23     | expr . LESS expr
   24     | expr . LESS_EQUAL expr
   25     | expr . EQUAL expr
   26     | expr . INEQUAL expr
   27     | expr . AND expr
   28     | expr . OR expr
   95 forstmt: FOR LEFT_PARENTHESIS elist SEMICOLON expr . SEMICOLON elist RIGHT_PARENTHESIS stmt

    AND            shift, and go to state 70
    OR             shift, and go to state 71
    PLUS           shift, and go to state 72
    MINUS          shift, and go to state 73
    MULTIPLIES     shift, and go to state 74
    DIVIDES        shift, and go to state 75
    MODULUS        shift, and go to state 76
    EQUAL          shift, and go to state 77
    INEQUAL        shift, and go to state 78
    GREATER        shift, and go to state 79
    LESS           shift, and go to state 80
    GREATER_EQUAL  shift, and go to state 81
    LESS_EQUAL     shift, and go to state 82
    SEMICOLON      shift, and go to state 169


State 162

   16 expr: expr . PLUS expr
   17     | expr . MINUS expr
   18     | expr . MULTIPLIES expr
   19     | expr . DIVIDES expr
   20     | expr . MODULUS expr
   21     | expr . GREATER expr
   22     | expr . GREATER_EQUAL expr
   23     | expr . LESS expr
   24     | expr . LESS_EQUAL expr
   25     | expr . EQUAL expr
   26     | expr . INEQUAL expr
   27     | expr . AND expr
   28     | expr . OR expr
   68 indexedelem: LEFT_BRACES expr COLON expr . RIGHT_BRACES

    AND            shift, and go to state 70
    OR             shift, and go to state 71
    PLUS           shift, and go to state 72
    MINUS          shift, and go to state 73
    MULTIPLIES     shift, and go to state 74
    DIVIDES        shift, and go to state 75
    MODULUS        shift, and go to state 76
    EQUAL          shift, and go to state 77
    INEQUAL        shift, and go to state 78
    GREATER        shift, and go to state 79
    LESS           shift, and go to state 80
    GREATER_EQUAL  shift, and go to state 81
    LESS_EQUAL     shift, and go to state 82
    RIGHT_BRACES   shift, and go to state 170


State 163

   61 elists: COMMA expr elists .

    $default  reduce using rule 61 (elists)


State 164

   54 call: LEFT_PARENTHESIS funcdef RIGHT_PARENTHESIS LEFT_PARENTHESIS elist . RIGHT_PARENTHESIS

    RIGHT_PARENTHESIS  shift, and go to state 171


State 165

   58 methodcall: DOUBLE_DOT ID LEFT_PARENTHESIS elist . RIGHT_PARENTHESIS

    RIGHT_PARENTHESIS  shift, and go to state 172


State 166

   86 idlist: ID $@4 . ids

    COMMA  shift, and go to state 173

    $default  reduce using rule 90 (ids)

    ids  go to state 174


State 167

   73 funcargs: LEFT_PARENTHESIS $@2 idlist RIGHT_PARENTHESIS .

    $default  reduce using rule 73 (funcargs)


State 168

    3 stmts: stmts . stmt
   79 funcblock: LEFT_BRACES $@3 stmts . RIGHT_BRACES

    ID                shift, and go to state 4
    INTCONST          shift, and go to state 5
    STRING            shift, and go to state 6
    IF                shift, and go to state 7
    WHILE             shift, and go to state 8
    FOR               shift, and go to state 9
    FUNCTION          shift, and go to state 10
    RETURN            shift, and go to state 11
    BREAK             shift, and go to state 12
    CONTINUE          shift, and go to state 13
    NOT               shift, and go to state 14
    LOCAL             shift, and go to state 15
    TRUE              shift, and go to state 16
    FALSE             shift, and go to state 17
    NIL               shift, and go to state 18
    MINUS             shift, and go to state 19
    INCREMENT         shift, and go to state 20
    DECREMENT         shift, and go to state 21
    LEFT_BRACES       shift, and go to state 22
    RIGHT_BRACES      shift, and go to state 175
    LEFT_BRACKETS     shift, and go to state 23
    LEFT_PARENTHESIS  shift, and go to state 24
    SEMICOLON         shift, and go to state 25
    DOUBLE_COLON      shift, and go to state 26

    stmt        go to state 146
    expr        go to state 28
    term        go to state 29
    assignexpr  go to state 30
    primary     go to state 31
    lvalue      go to state 32
    member      go to state 33
    call        go to state 34
    objectdef   go to state 35
    block       go to state 36
    funcdef     go to state 37
    funcprefix  go to state 38
    const       go to state 39
    ifstmt      go to state 40
    ifprefix    go to state 41
    whilestmt   go to state 42
    forstmt     go to state 43
    returnstmt  go to state 44


State 169

   95 forstmt: FOR LEFT_PARENTHESIS elist SEMICOLON expr SEMICOLON . elist RIGHT_PARENTHESIS stmt

    ID                shift, and go to state 4
    INTCONST          shift, and go to state 5
    STRING            shift, and go to state 6
    NOT               shift, and go to state 14
    LOCAL             shift, and go to state 15
    TRUE              shift, and go to state 16
    FALSE             shift, and go to state 17
    NIL               shift, and go to state 18
    MINUS             shift, and go to state 19
    INCREMENT         shift, and go to state 20
    DECREMENT         shift, and go to state 21
    LEFT_BRACKETS     shift, and go to state 23
    LEFT_PARENTHESIS  shift, and go to state 24
    DOUBLE_COLON      shift, and go to state 26

    $default  reduce using rule 60 (elist)

    expr        go to state 63
    term        go to state 29
    assignexpr  go to state 30
    primary     go to state 31
    lvalue      go to state 32
    member      go to state 33
    call        go to state 34
    elist       go to state 176
    objectdef   go to state 35
    const       go to state 39


State 170

   68 indexedelem: LEFT_BRACES expr COLON expr RIGHT_BRACES .

    $default  reduce using rule 68 (indexedelem)


State 171

   54 call: LEFT_PARENTHESIS funcdef RIGHT_PARENTHESIS LEFT_PARENTHESIS elist RIGHT_PARENTHESIS .

    $default  reduce using rule 54 (call)


State 172

   58 methodcall: DOUBLE_DOT ID LEFT_PARENTHESIS elist RIGHT_PARENTHESIS .

    $default  reduce using rule 58 (methodcall)


State 173

   89 ids: COMMA . ID $@5 ids

    ID  shift, and go to state 177


State 174

   86 idlist: ID $@4 ids .

    $default  reduce using rule 86 (idlist)


State 175

   79 funcblock: LEFT_BRACES $@3 stmts RIGHT_BRACES .

    $default  reduce using rule 79 (funcblock)


State 176

   95 forstmt: FOR LEFT_PARENTHESIS elist SEMICOLON expr SEMICOLON elist . RIGHT_PARENTHESIS stmt

    RIGHT_PARENTHESIS  shift, and go to state 178


State 177

   89 ids: COMMA ID . $@5 ids

    $default  reduce using rule 88 ($@5)

    $@5  go to state 179


State 178

   95 forstmt: FOR LEFT_PARENTHESIS elist SEMICOLON expr SEMICOLON elist RIGHT_PARENTHESIS . stmt

    ID                shift, and go to state 4
    INTCONST          shift, and go to state 5
    STRING            shift, and go to state 6
    IF                shift, and go to state 7
    WHILE             shift, and go to state 8
    FOR               shift, and go to state 9
    FUNCTION          shift, and go to state 10
    RETURN            shift, and go to state 11
    BREAK             shift, and go to state 12
    CONTINUE          shift, and go to state 13
    NOT               shift, and go to state 14
    LOCAL             shift, and go to state 15
    TRUE              shift, and go to state 16
    FALSE             shift, and go to state 17
    NIL               shift, and go to state 18
    MINUS             shift, and go to state 19
    INCREMENT         shift, and go to state 20
    DECREMENT         shift, and go to state 21
    LEFT_BRACES       shift, and go to state 22
    LEFT_BRACKETS     shift, and go to state 23
    LEFT_PARENTHESIS  shift, and go to state 24
    SEMICOLON         shift, and go to state 25
    DOUBLE_COLON      shift, and go to state 26

    stmt        go to state 180
    expr        go to state 28
    term        go to state 29
    assignexpr  go to state 30
    primary     go to state 31
    lvalue      go to state 32
    member      go to state 33
    call        go to state 34
    objectdef   go to state 35
    block       go to state 36
    funcdef     go to state 37
    funcprefix  go to state 38
    const       go to state 39
    ifstmt      go to state 40
    ifprefix    go to state 41
    whilestmt   go to state 42
    forstmt     go to state 43
    returnstmt  go to state 44


State 179

   89 ids: COMMA ID $@5 . ids

    COMMA  shift, and go to state 173

    $default  reduce using rule 90 (ids)

    ids  go to state 181


State 180

   95 forstmt: FOR LEFT_PARENTHESIS elist SEMICOLON expr SEMICOLON elist RIGHT_PARENTHESIS stmt .

    $default  reduce using rule 95 (forstmt)


State 181

   89 ids: COMMA ID $@5 ids .

    $default  reduce using rule 89 (ids)
