1: MULTILINE COMMENT
3: #1 "function" KEYWORD FUNCTION
3: #2 "(" DELIMITER LEFT_PARENTHESIS
3: #3 "x" ID
3: #4 ")" DELIMITER RIGHT_PARENTHESIS
3: #5 "{" DELIMITER LEFT_BRACES
4: #6 "x" ID
4: #7 "=" OPERATOR ASSIGN
4: #8 "5" INTCONST 5
4: #9 ";" DELIMITER SEMICOLON
5: #10 "function" KEYWORD FUNCTION
5: #11 "(" DELIMITER LEFT_PARENTHESIS
5: #12 ")" DELIMITER RIGHT_PARENTHESIS
5: #13 "{" DELIMITER LEFT_BRACES
6: #14 "noName2" ID
6: #15 "=" OPERATOR ASSIGN
6: #16 "0" INTCONST 0
6: #17 ";" DELIMITER SEMICOLON
7: #18 "function" KEYWORD FUNCTION
7: #19 "(" DELIMITER LEFT_PARENTHESIS
7: #20 ")" DELIMITER RIGHT_PARENTHESIS
7: #21 "{" DELIMITER LEFT_BRACES
8: #22 "noName3" ID
8: #23 "=" OPERATOR ASSIGN
8: #24 "1" INTCONST 1
8: #25 ";" DELIMITER SEMICOLON
9: #26 "}" DELIMITER RIGHT_BRACES
10: #27 "}" DELIMITER RIGHT_BRACES
11: #28 "}" DELIMITER RIGHT_BRACES
13: #29 "function" KEYWORD FUNCTION
13: #30 "(" DELIMITER LEFT_PARENTHESIS
13: #31 "x" ID
13: #32 ")" DELIMITER RIGHT_PARENTHESIS
13: #33 "{" DELIMITER LEFT_BRACES
14: #34 "noName4" ID
14: #35 "=" OPERATOR ASSIGN
14: #36 "4" INTCONST 4
14: #37 ";" DELIMITER SEMICOLON
15: #38 "}" DELIMITER RIGHT_BRACES
